2025-04-08 13:59:22,582 - INFO - Analisando confronto: Memphis Grizzlies vs Charlotte Hornets
2025-04-08 13:59:34,394 - INFO - Exportado comparativo entre times para outputs\comparativos\times\Memphis_Grizzlies_vs_Charlotte_Hornets.csv
2025-04-08 14:18:06,079 - INFO - Analisando confronto: Washington Wizards vs Indiana Pacers
2025-04-08 14:18:15,296 - INFO - Exportado comparativo entre times para outputs\comparativos\times\Washington_Wizards_vs_Indiana_Pacers.csv
2025-04-08 14:24:27,531 - INFO - Exportado comparativo de jogadores para outputs\comparativos\jogadores\Jayson_Tatum_vs_Shai_Gilgeous-Alexander.csv
2025-04-08 14:45:33,755 - INFO - Analisando confronto: Memphis Grizzlies vs Charlotte Hornets
2025-04-08 14:49:08,767 - INFO - Analisando confronto: Memphis Grizzlies vs Charlotte Hornets
2025-04-08 14:52:40,270 - INFO - Analisando confronto: Memphis Grizzlies vs Charlotte Hornets
2025-04-08 14:52:43,648 - INFO - Exportado comparativo entre times para outputs\comparativos\times\Memphis_Grizzlies_vs_Charlotte_Hornets.csv
2025-04-08 15:13:47,231 - INFO - Exportado comparativo de jogadores para outputs\comparativos\jogadores\Jayson_Tatum_vs_Shai_Gilgeous-Alexander.csv
2025-04-08 15:33:43,686 - INFO - Exportado comparativo de jogadores para outputs\comparativos\jogadores\Jayson_Tatum_vs_Shai_Gilgeous-Alexander.csv
2025-04-08 15:34:43,909 - INFO - Exportado comparativo de jogadores para outputs\comparativos\jogadores\Jayson_Tatum_vs_Shai_Gilgeous-Alexander.csv
2025-04-08 15:39:26,724 - INFO - Exportado comparativo de jogadores para outputs\comparativos\jogadores\Jayson_Tatum_vs_Shai_Gilgeous-Alexander.csv
2025-04-08 15:41:33,568 - INFO - Exportado comparativo de jogadores para outputs\comparativos\jogadores\Jayson_Tatum_vs_Shai_Gilgeous-Alexander.csv
2025-04-08 15:47:23,288 - INFO - Exportado comparativo de jogadores para outputs\comparativos\jogadores\Jayson_Tatum_vs_Shai_Gilgeous-Alexander.csv
2025-04-08 15:49:39,959 - INFO - Exportado comparativo de jogadores para outputs\comparativos\jogadores\Jayson_Tatum_vs_Shai_Gilgeous-Alexander.csv
2025-04-08 15:50:34,722 - INFO - Exportado comparativo de jogadores para outputs\comparativos\jogadores\Jayson_Tatum_vs_Shai_Gilgeous-Alexander.csv
2025-04-08 16:18:23,095 - INFO - Exportado comparativo de jogadores para outputs\comparativos\jogadores\Jayson_Tatum_vs_Shai_Gilgeous-Alexander.csv
2025-04-08 16:25:35,800 - INFO - Exportado comparativo de jogadores para outputs\comparativos\jogadores\Jayson_Tatum_vs_Shai_Gilgeous-Alexander.csv
2025-04-08 16:27:23,382 - INFO - Exportado comparativo de jogadores para outputs\comparativos\jogadores\Jayson_Tatum_vs_Shai_Gilgeous-Alexander.csv
2025-04-08 16:34:57,124 - INFO - Exportado comparativo de jogadores para outputs\comparativos\jogadores\Jayson_Tatum_vs_Shai_Gilgeous-Alexander.csv
2025-04-08 16:42:27,768 - INFO - Exportado comparativo de jogadores para outputs\comparativos\jogadores\Jayson_Tatum_vs_Shai_Gilgeous-Alexander.csv
2025-04-08 16:43:25,062 - INFO - Exportado comparativo de jogadores para outputs\comparativos\jogadores\Jayson_Tatum_vs_Shai_Gilgeous-Alexander.csv
2025-04-08 16:44:46,565 - INFO - Exportado comparativo de jogadores para outputs\comparativos\jogadores\Shai_Gilgeous-Alexander_vs_Jayson_Tatum.csv
2025-04-08 16:57:28,943 - INFO - Exportado comparativo de jogadores para outputs\comparativos\jogadores\Jayson_Tatum_vs_Shai_Gilgeous-Alexander.csv
2025-04-08 17:57:13,785 - INFO - Exportado comparativo de jogadores para outputs\comparativos\jogadores\Jayson_Tatum_vs_Shai_Gilgeous-Alexander.csv
2025-04-08 18:43:04,693 - INFO - Analisando confronto: Memphis Grizzlies vs Charlotte Hornets
2025-04-08 18:43:13,042 - INFO - Exportado comparativo entre times para outputs\comparativos\times\Memphis_Grizzlies_vs_Charlotte_Hornets.csv
2025-04-08 18:44:36,699 - INFO - Analisando confronto: Memphis Grizzlies vs Charlotte Hornets
2025-04-08 18:44:38,777 - INFO - Exportado comparativo entre times para outputs\comparativos\times\Memphis_Grizzlies_vs_Charlotte_Hornets.csv
2025-04-08 18:48:43,871 - INFO - Analisando confronto: Memphis Grizzlies vs Charlotte Hornets
2025-04-08 18:48:44,917 - INFO - Exportado comparativo entre times para outputs\comparativos\times\Memphis_Grizzlies_vs_Charlotte_Hornets.csv
2025-04-08 19:03:29,065 - INFO - Analisando confronto: Memphis Grizzlies vs Charlotte Hornets
2025-04-08 19:03:29,956 - INFO - Exportado comparativo entre times para outputs\comparativos\times\Memphis_Grizzlies_vs_Charlotte_Hornets.csv
2025-04-08 21:10:39,173 - INFO - Analisando confronto: Boston Celtics vs New York Knicks
2025-04-08 21:10:42,439 - INFO - Exportado comparativo entre times para outputs\comparativos\times\Boston_Celtics_vs_New_York_Knicks.csv
2025-04-08 21:11:54,000 - INFO - Analisando confronto: Minnesota Timberwolves vs Milwaukee Bucks
2025-04-08 21:12:02,415 - INFO - Exportado comparativo entre times para outputs\comparativos\times\Minnesota_Timberwolves_vs_Milwaukee_Bucks.csv
2025-04-08 21:13:32,627 - INFO - Analisando confronto: Los Angeles Lakers vs Oklahoma City Thunder
2025-04-08 21:13:40,997 - INFO - Exportado comparativo entre times para outputs\comparativos\times\Los_Angeles_Lakers_vs_Oklahoma_City_Thunder.csv
2025-04-08 21:15:06,131 - INFO - Analisando confronto: Golden State Warriors vs Phoenix Suns
2025-04-08 21:15:12,816 - INFO - Exportado comparativo entre times para outputs\comparativos\times\Golden_State_Warriors_vs_Phoenix_Suns.csv
2025-04-08 21:18:04,931 - INFO - Analisando confronto: Golden State Warriors vs Phoenix Suns
2025-04-08 21:18:05,980 - INFO - Exportado comparativo entre times para outputs\comparativos\times\Golden_State_Warriors_vs_Phoenix_Suns.csv
2025-04-08 21:22:28,542 - INFO - Analisando confronto: Golden State Warriors vs Phoenix Suns
2025-04-08 21:22:29,457 - INFO - Exportado comparativo entre times para outputs\comparativos\times\Golden_State_Warriors_vs_Phoenix_Suns.csv
2025-04-08 21:24:50,005 - INFO - Analisando confronto: Golden State Warriors vs Phoenix Suns
2025-04-08 21:24:50,917 - INFO - Exportado comparativo entre times para outputs\comparativos\times\Golden_State_Warriors_vs_Phoenix_Suns.csv
2025-04-08 21:33:51,137 - INFO - Exportado comparativo de jogadores para outputs\comparativos\jogadores\Jimmy_Butler_vs_Devin_Booker.csv
2025-04-08 21:37:55,105 - INFO - Exportado comparativo de jogadores para outputs\comparativos\jogadores\Brandin_Podziemski_vs_Jonathan_Kuminga.csv
2025-04-08 21:42:39,203 - INFO - Exportado comparativo de jogadores para outputs\comparativos\jogadores\Bradley_Beal_vs_Stephen_Curry.csv
2025-04-08 21:50:47,848 - INFO - Analisando confronto: San Antonio Spurs vs Los Angeles Clippers
2025-04-08 21:50:58,032 - INFO - Exportado comparativo entre times para outputs\comparativos\times\San_Antonio_Spurs_vs_Los_Angeles_Clippers.csv
2025-04-08 22:00:47,974 - INFO - Exportado comparativo de jogadores para outputs\comparativos\jogadores\Julian_Champagnie_vs_James_Harden.csv
2025-04-08 22:07:19,395 - INFO - Exportado comparativo de jogadores para outputs\comparativos\jogadores\Ben_Simmons_vs_Ivica_Zubac.csv
2025-04-08 22:09:46,612 - INFO - Exportado comparativo de jogadores para outputs\comparativos\jogadores\Chris_Paul_vs_Stephon_Castle.csv
2025-04-08 22:29:03,044 - INFO - Analisando confronto: Los Angeles Lakers vs Oklahoma City Thunder
2025-04-08 22:29:13,090 - INFO - Exportado comparativo entre times para outputs\comparativos\times\Los_Angeles_Lakers_vs_Oklahoma_City_Thunder.csv
2025-04-09 13:21:12,689 - INFO - Analisando confronto: Los Angeles Lakers vs Dallas Mavericks
2025-04-09 13:21:16,243 - INFO - Exportado comparativo entre times para outputs\comparativos\times\Los_Angeles_Lakers_vs_Dallas_Mavericks.csv
2025-04-09 15:51:55,577 - INFO - Exportado comparativo de jogadores para outputs\comparativos\jogadores\Klay_Thompson_vs_Kai_Jones.csv
2025-04-09 18:27:43,527 - INFO - Analisando confronto: Philadelphia 76ers vs Washington Wizards
2025-04-09 18:27:47,519 - INFO - Exportado comparativo entre times para outputs\comparativos\times\Philadelphia_76ers_vs_Washington_Wizards.csv
2025-04-09 18:29:47,755 - INFO - Analisando confronto: Philadelphia 76ers vs Washington Wizards
2025-04-09 18:29:50,287 - INFO - Exportado comparativo entre times para outputs\comparativos\times\Philadelphia_76ers_vs_Washington_Wizards.csv
2025-04-09 18:39:41,920 - INFO - Analisando confronto: Boston Celtics vs Orlando Magic
2025-04-09 18:39:45,412 - INFO - Exportado comparativo entre times para outputs\comparativos\times\Boston_Celtics_vs_Orlando_Magic.csv
2025-04-09 18:50:30,247 - INFO - Analisando confronto: Los Angeles Lakers vs Dallas Mavericks
2025-04-09 18:50:33,497 - INFO - Exportado comparativo entre times para outputs\comparativos\times\Los_Angeles_Lakers_vs_Dallas_Mavericks.csv
2025-04-09 18:55:17,771 - INFO - Analisando confronto: Charlotte Hornets vs Toronto Raptors
2025-04-09 18:55:21,192 - INFO - Exportado comparativo entre times para outputs\comparativos\times\Charlotte_Hornets_vs_Toronto_Raptors.csv
2025-04-09 20:54:03,536 - INFO - Analisando confronto: Miami Heat vs Chicago Bulls
2025-04-09 20:54:06,497 - INFO - Exportado comparativo entre times para outputs\comparativos\times\Miami_Heat_vs_Chicago_Bulls.csv
2025-04-09 20:57:38,542 - WARNING - Opção inválida selecionada no menu principal.
2025-04-09 20:57:59,590 - INFO - Exportado comparativo de jogadores para outputs\comparativos\jogadores\Pelle_Larsson_vs_Kel'el_Ware.csv
2025-04-09 21:21:32,885 - INFO - Analisando confronto: San Antonio Spurs vs Golden State Warriors
2025-04-09 21:21:40,615 - INFO - Exportado comparativo entre times para outputs\comparativos\times\San_Antonio_Spurs_vs_Golden_State_Warriors.csv
2025-04-09 21:32:19,571 - INFO - Exportado comparativo de jogadores para outputs\comparativos\jogadores\Chris_Paul_vs_Stephon_Castle.csv
2025-04-09 21:42:56,437 - INFO - Analisando confronto: Portland Trail Blazers vs Utah Jazz
2025-04-09 21:43:07,160 - INFO - Exportado comparativo entre times para outputs\comparativos\times\Portland_Trail_Blazers_vs_Utah_Jazz.csv
2025-04-09 21:49:16,822 - INFO - Analisando confronto: Denver Nuggets vs Sacramento Kings
2025-04-09 21:49:23,604 - INFO - Exportado comparativo entre times para outputs\comparativos\times\Denver_Nuggets_vs_Sacramento_Kings.csv
2025-04-09 22:03:19,645 - INFO - Analisando confronto: Oklahoma City Thunder vs Phoenix Suns
2025-04-09 22:03:31,373 - INFO - Exportado comparativo entre times para outputs\comparativos\times\Oklahoma_City_Thunder_vs_Phoenix_Suns.csv
2025-04-09 22:37:19,562 - INFO - Analisando confronto: Denver Nuggets vs Sacramento Kings
2025-04-09 22:37:23,401 - INFO - Exportado comparativo entre times para outputs\comparativos\times\Denver_Nuggets_vs_Sacramento_Kings.csv
2025-04-09 22:43:27,175 - INFO - Exportado comparativo de jogadores para outputs\comparativos\jogadores\Russell_Westbrook_vs_Luka_Dončić.csv
2025-04-09 22:54:54,364 - INFO - Exportado comparativo de jogadores para outputs\comparativos\jogadores\Zach_LaVine_vs_Nikola_Jokić.csv
2025-04-09 23:07:04,984 - INFO - Analisando confronto: Houston Rockets vs Los Angeles Clippers
2025-04-09 23:07:11,603 - INFO - Exportado comparativo entre times para outputs\comparativos\times\Houston_Rockets_vs_Los_Angeles_Clippers.csv
2025-04-10 09:29:18,022 - INFO - Analisando confronto: New York Knicks vs Detroit Pistons
2025-04-10 09:29:27,410 - INFO - Exportado comparativo entre times para outputs\comparativos\times\New_York_Knicks_vs_Detroit_Pistons.csv
2025-04-10 15:30:58,862 - INFO - Analisando confronto: Cleveland Cavaliers vs Indiana Pacers
2025-04-10 15:31:11,621 - INFO - Exportado comparativo entre times para outputs\comparativos\times\Cleveland_Cavaliers_vs_Indiana_Pacers.csv
2025-04-10 15:39:26,581 - INFO - Analisando confronto: Atlanta Hawks vs Brooklyn Nets
2025-04-10 15:39:37,888 - INFO - Exportado comparativo entre times para outputs\comparativos\times\Atlanta_Hawks_vs_Brooklyn_Nets.csv
2025-04-10 15:43:35,920 - INFO - Analisando confronto: New Orleans Pelicans vs Milwaukee Bucks
2025-04-10 15:43:43,268 - INFO - Exportado comparativo entre times para outputs\comparativos\times\New_Orleans_Pelicans_vs_Milwaukee_Bucks.csv
2025-04-10 15:46:37,305 - INFO - Analisando confronto: Minnesota Timberwolves vs Memphis Grizzlies
2025-04-10 15:46:47,241 - INFO - Exportado comparativo entre times para outputs\comparativos\times\Minnesota_Timberwolves_vs_Memphis_Grizzlies.csv
2025-04-11 09:24:38,131 - INFO - Analisando confronto: Milwaukee Bucks vs Detroit Pistons
2025-04-11 09:24:41,221 - INFO - Exportado comparativo entre times para outputs\comparativos\times\Milwaukee_Bucks_vs_Detroit_Pistons.csv
2025-04-11 11:16:20,672 - INFO - Analisando confronto: Washington Wizards vs Chicago Bulls
2025-04-11 11:16:25,024 - INFO - Exportado comparativo entre times para outputs\comparativos\times\Washington_Wizards_vs_Chicago_Bulls.csv
2025-04-11 11:16:42,337 - INFO - Analisando confronto: Washington Wizards vs Chicago Bulls
2025-04-11 11:16:45,374 - INFO - Exportado comparativo entre times para outputs\comparativos\times\Washington_Wizards_vs_Chicago_Bulls.csv
2025-04-11 11:17:31,488 - INFO - Analisando confronto: Miami Heat vs New Orleans Pelicans
2025-04-11 11:17:35,235 - INFO - Exportado comparativo entre times para outputs\comparativos\times\Miami_Heat_vs_New_Orleans_Pelicans.csv
2025-04-11 11:18:34,082 - WARNING - Opção inválida selecionada no menu principal.
2025-04-11 11:18:39,396 - INFO - Analisando confronto: Washington Wizards vs Chicago Bulls
2025-04-11 11:18:40,359 - INFO - Exportado comparativo entre times para outputs\comparativos\times\Washington_Wizards_vs_Chicago_Bulls.csv
2025-04-11 11:18:52,923 - INFO - Analisando confronto: Miami Heat vs New Orleans Pelicans
2025-04-11 11:18:55,311 - INFO - Exportado comparativo entre times para outputs\comparativos\times\Miami_Heat_vs_New_Orleans_Pelicans.csv
2025-04-11 11:22:09,345 - INFO - Analisando confronto: Miami Heat vs New Orleans Pelicans
2025-04-11 11:22:10,855 - INFO - Exportado comparativo entre times para outputs\comparativos\times\Miami_Heat_vs_New_Orleans_Pelicans.csv
2025-04-11 11:24:50,015 - INFO - Analisando confronto: Miami Heat vs New Orleans Pelicans
2025-04-11 11:24:50,911 - INFO - Exportado comparativo entre times para outputs\comparativos\times\Miami_Heat_vs_New_Orleans_Pelicans.csv
2025-04-11 11:26:00,744 - INFO - Analisando confronto: Atlanta Hawks vs Philadelphia 76ers
2025-04-11 11:26:04,351 - INFO - Exportado comparativo entre times para outputs\comparativos\times\Atlanta_Hawks_vs_Philadelphia_76ers.csv
2025-04-11 11:27:04,963 - INFO - Analisando confronto: Brooklyn Nets vs Minnesota Timberwolves
2025-04-11 11:27:08,248 - INFO - Exportado comparativo entre times para outputs\comparativos\times\Brooklyn_Nets_vs_Minnesota_Timberwolves.csv
2025-04-11 11:27:54,972 - INFO - Analisando confronto: Toronto Raptors vs Dallas Mavericks
2025-04-11 11:27:58,365 - INFO - Exportado comparativo entre times para outputs\comparativos\times\Toronto_Raptors_vs_Dallas_Mavericks.csv
